<?xml version="1.0" encoding="UTF-8"?>
<testng-results ignored="0" total="1" passed="1" failed="0" skipped="0">
  <reporter-output>
  </reporter-output>
  <suite started-at="2025-06-16T22:59:02 IST" name="Suite" finished-at="2025-06-16T22:59:02 IST" duration-ms="48">
    <groups>
    </groups>
    <test started-at="2025-06-16T22:59:02 IST" name="Test" finished-at="2025-06-16T22:59:02 IST" duration-ms="48">
      <class name="com.practice.java.StringProgram">
        <test-method signature="reverseString()[pri:0, instance:com.practice.java.StringProgram@5b239d7d]" started-at="2025-06-16T22:59:02 IST" name="reverseString" finished-at="2025-06-16T22:59:02 IST" duration-ms="5" status="PASS">
          <reporter-output>
          </reporter-output>
        </test-method> <!-- reverseString -->
      </class> <!-- com.practice.java.StringProgram -->
    </test> <!-- Test -->
  </suite> <!-- Suite -->
</testng-results>
