<?xml version="1.0" encoding="UTF-8"?>
<testng-results ignored="0" total="1" passed="1" failed="0" skipped="0">
  <reporter-output>
  </reporter-output>
  <suite started-at="2025-06-16T22:41:34 IST" name="Default suite" finished-at="2025-06-16T22:41:34 IST" duration-ms="57">
    <groups>
    </groups>
    <test started-at="2025-06-16T22:41:34 IST" name="Default test" finished-at="2025-06-16T22:41:34 IST" duration-ms="57">
      <class name="com.practice.java.StringProgram">
        <test-method signature="reverseString()[pri:0, instance:com.practice.java.StringProgram@6a6cb05c]" started-at="2025-06-16T22:41:34 IST" name="reverseString" finished-at="2025-06-16T22:41:34 IST" duration-ms="12" status="PASS">
          <reporter-output>
          </reporter-output>
        </test-method> <!-- reverseString -->
      </class> <!-- com.practice.java.StringProgram -->
    </test> <!-- Default test -->
  </suite> <!-- Default suite -->
</testng-results>
